This file contains any messages produced by compilers while
running configure, to aid debugging if configure makes a mistake.

It was created by configure, which was
generated by GNU Autoconf 2.68.  Invocation command line was

  $ ./configure 

## --------- ##
## Platform. ##
## --------- ##

hostname = ubuntu
uname -m = x86_64
uname -r = 3.2.0-37-generic
uname -s = Linux
uname -v = #58-Ubuntu SMP Thu Jan 24 15:28:10 UTC 2013

/usr/bin/uname -p = unknown
/bin/uname -X     = unknown

/bin/arch              = unknown
/usr/bin/arch -k       = unknown
/usr/convex/getsysinfo = unknown
/usr/bin/hostinfo      = unknown
/bin/machine           = unknown
/usr/bin/oslevel       = unknown
/bin/universe          = unknown

PATH: /usr/lib/lightdm/lightdm
PATH: /usr/local/sbin
PATH: /usr/local/bin
PATH: /usr/sbin
PATH: /usr/bin
PATH: /sbin
PATH: /bin
PATH: /usr/games


## ----------- ##
## Core tests. ##
## ----------- ##

configure:2261: checking build system type
configure:2275: result: x86_64-unknown-linux-gnu
configure:2295: checking host system type
configure:2308: result: x86_64-unknown-linux-gnu
configure:2328: checking target system type
configure:2341: result: x86_64-unknown-linux-gnu
configure:2400: checking for a BSD-compatible install
configure:2468: result: /usr/bin/install -c
configure:2479: checking whether build environment is sane
configure:2529: result: yes
configure:2670: checking for a thread-safe mkdir -p
configure:2709: result: /bin/mkdir -p
configure:2722: checking for gawk
configure:2752: result: no
configure:2722: checking for mawk
configure:2738: found /usr/bin/mawk
configure:2749: result: mawk
configure:2760: checking whether make sets $(MAKE)
configure:2782: result: yes
configure:2909: checking how to print strings
configure:2936: result: printf
configure:2969: checking for style of include used by make
configure:2997: result: GNU
configure:3068: checking for gcc
configure:3084: found /usr/bin/gcc
configure:3095: result: gcc
configure:3324: checking for C compiler version
configure:3333: gcc --version >&5
gcc (Ubuntu/Linaro 4.6.3-1ubuntu5) 4.6.3
Copyright (C) 2011 Free Software Foundation, Inc.
This is free software; see the source for copying conditions.  There is NO
warranty; not even for MERCHANTABILITY or FITNESS FOR A PARTICULAR PURPOSE.

configure:3344: $? = 0
configure:3333: gcc -v >&5
Using built-in specs.
COLLECT_GCC=gcc
COLLECT_LTO_WRAPPER=/usr/lib/gcc/x86_64-linux-gnu/4.6/lto-wrapper
Target: x86_64-linux-gnu
Configured with: ../src/configure -v --with-pkgversion='Ubuntu/Linaro 4.6.3-1ubuntu5' --with-bugurl=file:///usr/share/doc/gcc-4.6/README.Bugs --enable-languages=c,c++,fortran,objc,obj-c++ --prefix=/usr --program-suffix=-4.6 --enable-shared --enable-linker-build-id --with-system-zlib --libexecdir=/usr/lib --without-included-gettext --enable-threads=posix --with-gxx-include-dir=/usr/include/c++/4.6 --libdir=/usr/lib --enable-nls --with-sysroot=/ --enable-clocale=gnu --enable-libstdcxx-debug --enable-libstdcxx-time=yes --enable-gnu-unique-object --enable-plugin --enable-objc-gc --disable-werror --with-arch-32=i686 --with-tune=generic --enable-checking=release --build=x86_64-linux-gnu --host=x86_64-linux-gnu --target=x86_64-linux-gnu
Thread model: posix
gcc version 4.6.3 (Ubuntu/Linaro 4.6.3-1ubuntu5) 
configure:3344: $? = 0
configure:3333: gcc -V >&5
gcc: error: unrecognized option '-V'
gcc: fatal error: no input files
compilation terminated.
configure:3344: $? = 4
configure:3333: gcc -qversion >&5
gcc: error: unrecognized option '-qversion'
gcc: fatal error: no input files
compilation terminated.
configure:3344: $? = 4
configure:3364: checking whether the C compiler works
configure:3386: gcc    conftest.c  >&5
configure:3390: $? = 0
configure:3438: result: yes
configure:3441: checking for C compiler default output file name
configure:3443: result: a.out
configure:3449: checking for suffix of executables
configure:3456: gcc -o conftest    conftest.c  >&5
configure:3460: $? = 0
configure:3482: result: 
configure:3504: checking whether we are cross compiling
configure:3512: gcc -o conftest    conftest.c  >&5
configure:3516: $? = 0
configure:3523: ./conftest
configure:3527: $? = 0
configure:3542: result: no
configure:3547: checking for suffix of object files
configure:3569: gcc -c   conftest.c >&5
configure:3573: $? = 0
configure:3594: result: o
configure:3598: checking whether we are using the GNU C compiler
configure:3617: gcc -c   conftest.c >&5
configure:3617: $? = 0
configure:3626: result: yes
configure:3635: checking whether gcc accepts -g
configure:3655: gcc -c -g  conftest.c >&5
configure:3655: $? = 0
configure:3696: result: yes
configure:3713: checking for gcc option to accept ISO C89
configure:3777: gcc  -c -g -O2  conftest.c >&5
configure:3777: $? = 0
configure:3790: result: none needed
configure:3812: checking dependency style of gcc
configure:3923: result: gcc3
configure:3938: checking for a sed that does not truncate output
configure:4002: result: /bin/sed
configure:4020: checking for grep that handles long lines and -e
configure:4078: result: /bin/grep
configure:4083: checking for egrep
configure:4145: result: /bin/grep -E
configure:4150: checking for fgrep
configure:4212: result: /bin/grep -F
configure:4247: checking for ld used by gcc
configure:4314: result: /usr/bin/ld
configure:4321: checking if the linker (/usr/bin/ld) is GNU ld
configure:4336: result: yes
configure:4348: checking for BSD- or MS-compatible name lister (nm)
configure:4397: result: /usr/bin/nm -B
configure:4527: checking the name lister (/usr/bin/nm -B) interface
configure:4534: gcc -c -g -O2  conftest.c >&5
configure:4537: /usr/bin/nm -B "conftest.o"
configure:4540: output
0000000000000000 B some_variable
configure:4547: result: BSD nm
configure:4550: checking whether ln -s works
configure:4554: result: yes
configure:4562: checking the maximum length of command line arguments
configure:4692: result: 1572864
configure:4709: checking whether the shell understands some XSI constructs
configure:4719: result: yes
configure:4723: checking whether the shell understands "+="
configure:4729: result: yes
configure:4764: checking how to convert x86_64-unknown-linux-gnu file names to x86_64-unknown-linux-gnu format
configure:4804: result: func_convert_file_noop
configure:4811: checking how to convert x86_64-unknown-linux-gnu file names to toolchain format
configure:4831: result: func_convert_file_noop
configure:4838: checking for /usr/bin/ld option to reload object files
configure:4845: result: -r
configure:4919: checking for objdump
configure:4935: found /usr/bin/objdump
configure:4946: result: objdump
configure:4978: checking how to recognize dependent libraries
configure:5180: result: pass_all
configure:5265: checking for dlltool
configure:5295: result: no
configure:5325: checking how to associate runtime and link libraries
configure:5352: result: printf %s\n
configure:5413: checking for ar
configure:5429: found /usr/bin/ar
configure:5440: result: ar
configure:5477: checking for archiver @FILE support
configure:5494: gcc -c -g -O2  conftest.c >&5
configure:5494: $? = 0
configure:5497: ar cru libconftest.a @conftest.lst >&5
configure:5500: $? = 0
configure:5505: ar cru libconftest.a @conftest.lst >&5
ar: conftest.o: No such file or directory
configure:5508: $? = 1
configure:5520: result: @
configure:5578: checking for strip
configure:5594: found /usr/bin/strip
configure:5605: result: strip
configure:5677: checking for ranlib
configure:5693: found /usr/bin/ranlib
configure:5704: result: ranlib
configure:5806: checking command to parse /usr/bin/nm -B output from gcc object
configure:5926: gcc -c -g -O2  conftest.c >&5
configure:5929: $? = 0
configure:5933: /usr/bin/nm -B conftest.o \| sed -n -e 's/^.*[ ]\([ABCDGIRSTW][ABCDGIRSTW]*\)[ ][ ]*\([_A-Za-z][_A-Za-z0-9]*\)$/\1 \2 \2/p' | sed '/ __gnu_lto/d' \> conftest.nm
configure:5936: $? = 0
configure:6002: gcc -o conftest -g -O2   conftest.c conftstm.o >&5
configure:6005: $? = 0
configure:6043: result: ok
configure:6080: checking for sysroot
configure:6110: result: no
configure:6187: gcc -c -g -O2  conftest.c >&5
configure:6190: $? = 0
configure:6366: checking for mt
configure:6382: found /bin/mt
configure:6393: result: mt
configure:6416: checking if mt is a manifest tool
configure:6422: mt '-?'
configure:6430: result: no
configure:7072: checking how to run the C preprocessor
configure:7103: gcc -E  conftest.c
configure:7103: $? = 0
configure:7117: gcc -E  conftest.c
conftest.c:11:28: fatal error: ac_nonexistent.h: No such file or directory
compilation terminated.
configure:7117: $? = 1
configure: failed program was:
| /* confdefs.h */
| #define PACKAGE_NAME ""
| #define PACKAGE_TARNAME ""
| #define PACKAGE_VERSION ""
| #define PACKAGE_STRING ""
| #define PACKAGE_BUGREPORT ""
| #define PACKAGE_URL ""
| #define PACKAGE "EmperorVsAliens"
| #define VERSION "0.10.0"
| /* end confdefs.h.  */
| #include <ac_nonexistent.h>
configure:7142: result: gcc -E
configure:7162: gcc -E  conftest.c
configure:7162: $? = 0
configure:7176: gcc -E  conftest.c
conftest.c:11:28: fatal error: ac_nonexistent.h: No such file or directory
compilation terminated.
configure:7176: $? = 1
configure: failed program was:
| /* confdefs.h */
| #define PACKAGE_NAME ""
| #define PACKAGE_TARNAME ""
| #define PACKAGE_VERSION ""
| #define PACKAGE_STRING ""
| #define PACKAGE_BUGREPORT ""
| #define PACKAGE_URL ""
| #define PACKAGE "EmperorVsAliens"
| #define VERSION "0.10.0"
| /* end confdefs.h.  */
| #include <ac_nonexistent.h>
configure:7205: checking for ANSI C header files
configure:7225: gcc -c -g -O2  conftest.c >&5
configure:7225: $? = 0
configure:7298: gcc -o conftest -g -O2   conftest.c  >&5
configure:7298: $? = 0
configure:7298: ./conftest
configure:7298: $? = 0
configure:7309: result: yes
configure:7322: checking for sys/types.h
configure:7322: gcc -c -g -O2  conftest.c >&5
configure:7322: $? = 0
configure:7322: result: yes
configure:7322: checking for sys/stat.h
configure:7322: gcc -c -g -O2  conftest.c >&5
configure:7322: $? = 0
configure:7322: result: yes
configure:7322: checking for stdlib.h
configure:7322: gcc -c -g -O2  conftest.c >&5
configure:7322: $? = 0
configure:7322: result: yes
configure:7322: checking for string.h
configure:7322: gcc -c -g -O2  conftest.c >&5
configure:7322: $? = 0
configure:7322: result: yes
configure:7322: checking for memory.h
configure:7322: gcc -c -g -O2  conftest.c >&5
configure:7322: $? = 0
configure:7322: result: yes
configure:7322: checking for strings.h
configure:7322: gcc -c -g -O2  conftest.c >&5
configure:7322: $? = 0
configure:7322: result: yes
configure:7322: checking for inttypes.h
configure:7322: gcc -c -g -O2  conftest.c >&5
configure:7322: $? = 0
configure:7322: result: yes
configure:7322: checking for stdint.h
configure:7322: gcc -c -g -O2  conftest.c >&5
configure:7322: $? = 0
configure:7322: result: yes
configure:7322: checking for unistd.h
configure:7322: gcc -c -g -O2  conftest.c >&5
configure:7322: $? = 0
configure:7322: result: yes
configure:7336: checking for dlfcn.h
configure:7336: gcc -c -g -O2  conftest.c >&5
configure:7336: $? = 0
configure:7336: result: yes
configure:7542: checking for objdir
configure:7557: result: .libs
configure:7824: checking if gcc supports -fno-rtti -fno-exceptions
configure:7842: gcc -c -g -O2  -fno-rtti -fno-exceptions conftest.c >&5
cc1: warning: command line option '-fno-rtti' is valid for C++/ObjC++ but not for C [enabled by default]
configure:7846: $? = 0
configure:7859: result: no
configure:8186: checking for gcc option to produce PIC
configure:8193: result: -fPIC -DPIC
configure:8201: checking if gcc PIC flag -fPIC -DPIC works
configure:8219: gcc -c -g -O2  -fPIC -DPIC -DPIC conftest.c >&5
configure:8223: $? = 0
configure:8236: result: yes
configure:8265: checking if gcc static flag -static works
configure:8293: result: yes
configure:8308: checking if gcc supports -c -o file.o
configure:8329: gcc -c -g -O2  -o out/conftest2.o conftest.c >&5
configure:8333: $? = 0
configure:8355: result: yes
configure:8363: checking if gcc supports -c -o file.o
configure:8410: result: yes
configure:8443: checking whether the gcc linker (/usr/bin/ld -m elf_x86_64) supports shared libraries
configure:9600: result: yes
configure:9637: checking whether -lc should be explicitly linked in
configure:9645: gcc -c -g -O2  conftest.c >&5
configure:9648: $? = 0
configure:9663: gcc -shared  -fPIC -DPIC conftest.o  -v -Wl,-soname -Wl,conftest -o conftest 2\>\&1 \| /bin/grep  -lc  \>/dev/null 2\>\&1
configure:9666: $? = 0
configure:9680: result: no
configure:9840: checking dynamic linker characteristics
configure:10351: gcc -o conftest -g -O2   -Wl,-rpath -Wl,/foo conftest.c  >&5
configure:10351: $? = 0
configure:10585: result: GNU/Linux ld.so
configure:10692: checking how to hardcode library paths into programs
configure:10717: result: immediate
configure:11257: checking whether stripping libraries is possible
configure:11262: result: yes
configure:11297: checking if libtool supports shared libraries
configure:11299: result: yes
configure:11302: checking whether to build shared libraries
configure:11323: result: yes
configure:11326: checking whether to build static libraries
configure:11330: result: yes
configure:11429: checking for g++
configure:11445: found /usr/bin/g++
configure:11456: result: g++
configure:11483: checking for C++ compiler version
configure:11492: g++ --version >&5
g++ (Ubuntu/Linaro 4.6.3-1ubuntu5) 4.6.3
Copyright (C) 2011 Free Software Foundation, Inc.
This is free software; see the source for copying conditions.  There is NO
warranty; not even for MERCHANTABILITY or FITNESS FOR A PARTICULAR PURPOSE.

configure:11503: $? = 0
configure:11492: g++ -v >&5
Using built-in specs.
COLLECT_GCC=g++
COLLECT_LTO_WRAPPER=/usr/lib/gcc/x86_64-linux-gnu/4.6/lto-wrapper
Target: x86_64-linux-gnu
Configured with: ../src/configure -v --with-pkgversion='Ubuntu/Linaro 4.6.3-1ubuntu5' --with-bugurl=file:///usr/share/doc/gcc-4.6/README.Bugs --enable-languages=c,c++,fortran,objc,obj-c++ --prefix=/usr --program-suffix=-4.6 --enable-shared --enable-linker-build-id --with-system-zlib --libexecdir=/usr/lib --without-included-gettext --enable-threads=posix --with-gxx-include-dir=/usr/include/c++/4.6 --libdir=/usr/lib --enable-nls --with-sysroot=/ --enable-clocale=gnu --enable-libstdcxx-debug --enable-libstdcxx-time=yes --enable-gnu-unique-object --enable-plugin --enable-objc-gc --disable-werror --with-arch-32=i686 --with-tune=generic --enable-checking=release --build=x86_64-linux-gnu --host=x86_64-linux-gnu --target=x86_64-linux-gnu
Thread model: posix
gcc version 4.6.3 (Ubuntu/Linaro 4.6.3-1ubuntu5) 
configure:11503: $? = 0
configure:11492: g++ -V >&5
g++: error: unrecognized option '-V'
g++: fatal error: no input files
compilation terminated.
configure:11503: $? = 4
configure:11492: g++ -qversion >&5
g++: error: unrecognized option '-qversion'
g++: fatal error: no input files
compilation terminated.
configure:11503: $? = 4
configure:11507: checking whether we are using the GNU C++ compiler
configure:11526: g++ -c   conftest.cpp >&5
configure:11526: $? = 0
configure:11535: result: yes
configure:11544: checking whether g++ accepts -g
configure:11564: g++ -c -g  conftest.cpp >&5
configure:11564: $? = 0
configure:11605: result: yes
configure:11630: checking dependency style of g++
configure:11741: result: gcc3
configure:11774: checking how to run the C++ preprocessor
configure:11801: g++ -E  conftest.cpp
configure:11801: $? = 0
configure:11815: g++ -E  conftest.cpp
conftest.cpp:23:28: fatal error: ac_nonexistent.h: No such file or directory
compilation terminated.
configure:11815: $? = 1
configure: failed program was:
| /* confdefs.h */
| #define PACKAGE_NAME ""
| #define PACKAGE_TARNAME ""
| #define PACKAGE_VERSION ""
| #define PACKAGE_STRING ""
| #define PACKAGE_BUGREPORT ""
| #define PACKAGE_URL ""
| #define PACKAGE "EmperorVsAliens"
| #define VERSION "0.10.0"
| #define STDC_HEADERS 1
| #define HAVE_SYS_TYPES_H 1
| #define HAVE_SYS_STAT_H 1
| #define HAVE_STDLIB_H 1
| #define HAVE_STRING_H 1
| #define HAVE_MEMORY_H 1
| #define HAVE_STRINGS_H 1
| #define HAVE_INTTYPES_H 1
| #define HAVE_STDINT_H 1
| #define HAVE_UNISTD_H 1
| #define HAVE_DLFCN_H 1
| #define LT_OBJDIR ".libs/"
| /* end confdefs.h.  */
| #include <ac_nonexistent.h>
configure:11840: result: g++ -E
configure:11860: g++ -E  conftest.cpp
configure:11860: $? = 0
configure:11874: g++ -E  conftest.cpp
conftest.cpp:23:28: fatal error: ac_nonexistent.h: No such file or directory
compilation terminated.
configure:11874: $? = 1
configure: failed program was:
| /* confdefs.h */
| #define PACKAGE_NAME ""
| #define PACKAGE_TARNAME ""
| #define PACKAGE_VERSION ""
| #define PACKAGE_STRING ""
| #define PACKAGE_BUGREPORT ""
| #define PACKAGE_URL ""
| #define PACKAGE "EmperorVsAliens"
| #define VERSION "0.10.0"
| #define STDC_HEADERS 1
| #define HAVE_SYS_TYPES_H 1
| #define HAVE_SYS_STAT_H 1
| #define HAVE_STDLIB_H 1
| #define HAVE_STRING_H 1
| #define HAVE_MEMORY_H 1
| #define HAVE_STRINGS_H 1
| #define HAVE_INTTYPES_H 1
| #define HAVE_STDINT_H 1
| #define HAVE_UNISTD_H 1
| #define HAVE_DLFCN_H 1
| #define LT_OBJDIR ".libs/"
| /* end confdefs.h.  */
| #include <ac_nonexistent.h>
configure:12043: checking for ld used by g++
configure:12110: result: /usr/bin/ld -m elf_x86_64
configure:12117: checking if the linker (/usr/bin/ld -m elf_x86_64) is GNU ld
configure:12132: result: yes
configure:12187: checking whether the g++ linker (/usr/bin/ld -m elf_x86_64) supports shared libraries
configure:13192: result: yes
configure:13228: g++ -c -g -O2  conftest.cpp >&5
configure:13231: $? = 0
configure:13751: checking for g++ option to produce PIC
configure:13758: result: -fPIC -DPIC
configure:13766: checking if g++ PIC flag -fPIC -DPIC works
configure:13784: g++ -c -g -O2  -fPIC -DPIC -DPIC conftest.cpp >&5
configure:13788: $? = 0
configure:13801: result: yes
configure:13824: checking if g++ static flag -static works
configure:13852: result: yes
configure:13864: checking if g++ supports -c -o file.o
configure:13885: g++ -c -g -O2  -o out/conftest2.o conftest.cpp >&5
configure:13889: $? = 0
configure:13911: result: yes
configure:13916: checking if g++ supports -c -o file.o
configure:13963: result: yes
configure:13993: checking whether the g++ linker (/usr/bin/ld -m elf_x86_64) supports shared libraries
configure:14032: result: yes
configure:14173: checking dynamic linker characteristics
configure:14852: result: GNU/Linux ld.so
configure:14905: checking how to hardcode library paths into programs
configure:14930: result: immediate
configure:15108: creating ./config.status

## ---------------------- ##
## Running config.status. ##
## ---------------------- ##

This file was extended by config.status, which was
generated by GNU Autoconf 2.68.  Invocation command line was

  CONFIG_FILES    = 
  CONFIG_HEADERS  = 
  CONFIG_LINKS    = 
  CONFIG_COMMANDS = 
  $ ./config.status 

on ubuntu

config.status:1163: creating Makefile
config.status:1163: creating include/Makefile
config.status:1163: creating src/Makefile
config.status:1163: creating resources/Makefile
config.status:1163: creating test/Makefile
config.status:1163: creating include/config.h
config.status:1344: include/config.h is unchanged
config.status:1392: executing depfiles commands
config.status:1392: executing libtool commands

## ---------------- ##
## Cache variables. ##
## ---------------- ##

ac_cv_build=x86_64-unknown-linux-gnu
ac_cv_c_compiler_gnu=yes
ac_cv_cxx_compiler_gnu=yes
ac_cv_env_CCC_set=
ac_cv_env_CCC_value=
ac_cv_env_CC_set=
ac_cv_env_CC_value=
ac_cv_env_CFLAGS_set=
ac_cv_env_CFLAGS_value=
ac_cv_env_CPPFLAGS_set=
ac_cv_env_CPPFLAGS_value=
ac_cv_env_CPP_set=
ac_cv_env_CPP_value=
ac_cv_env_CXXCPP_set=
ac_cv_env_CXXCPP_value=
ac_cv_env_CXXFLAGS_set=
ac_cv_env_CXXFLAGS_value=
ac_cv_env_CXX_set=
ac_cv_env_CXX_value=
ac_cv_env_LDFLAGS_set=
ac_cv_env_LDFLAGS_value=
ac_cv_env_LIBS_set=
ac_cv_env_LIBS_value=
ac_cv_env_build_alias_set=
ac_cv_env_build_alias_value=
ac_cv_env_host_alias_set=
ac_cv_env_host_alias_value=
ac_cv_env_target_alias_set=
ac_cv_env_target_alias_value=
ac_cv_header_dlfcn_h=yes
ac_cv_header_inttypes_h=yes
ac_cv_header_memory_h=yes
ac_cv_header_stdc=yes
ac_cv_header_stdint_h=yes
ac_cv_header_stdlib_h=yes
ac_cv_header_string_h=yes
ac_cv_header_strings_h=yes
ac_cv_header_sys_stat_h=yes
ac_cv_header_sys_types_h=yes
ac_cv_header_unistd_h=yes
ac_cv_host=x86_64-unknown-linux-gnu
ac_cv_objext=o
ac_cv_path_EGREP='/bin/grep -E'
ac_cv_path_FGREP='/bin/grep -F'
ac_cv_path_GREP=/bin/grep
ac_cv_path_SED=/bin/sed
ac_cv_path_install='/usr/bin/install -c'
ac_cv_path_mkdir=/bin/mkdir
ac_cv_prog_AWK=mawk
ac_cv_prog_CPP='gcc -E'
ac_cv_prog_CXXCPP='g++ -E'
ac_cv_prog_ac_ct_AR=ar
ac_cv_prog_ac_ct_CC=gcc
ac_cv_prog_ac_ct_CXX=g++
ac_cv_prog_ac_ct_MANIFEST_TOOL=mt
ac_cv_prog_ac_ct_OBJDUMP=objdump
ac_cv_prog_ac_ct_RANLIB=ranlib
ac_cv_prog_ac_ct_STRIP=strip
ac_cv_prog_cc_c89=
ac_cv_prog_cc_g=yes
ac_cv_prog_cxx_g=yes
ac_cv_prog_make_make_set=yes
ac_cv_target=x86_64-unknown-linux-gnu
am_cv_CC_dependencies_compiler_type=gcc3
am_cv_CXX_dependencies_compiler_type=gcc3
lt_cv_ar_at_file=@
lt_cv_archive_cmds_need_lc=no
lt_cv_deplibs_check_method=pass_all
lt_cv_file_magic_cmd='$MAGIC_CMD'
lt_cv_file_magic_test_file=
lt_cv_ld_reload_flag=-r
lt_cv_nm_interface='BSD nm'
lt_cv_objdir=.libs
lt_cv_path_LD=/usr/bin/ld
lt_cv_path_LDCXX='/usr/bin/ld -m elf_x86_64'
lt_cv_path_NM='/usr/bin/nm -B'
lt_cv_path_mainfest_tool=no
lt_cv_prog_compiler_c_o=yes
lt_cv_prog_compiler_c_o_CXX=yes
lt_cv_prog_compiler_pic='-fPIC -DPIC'
lt_cv_prog_compiler_pic_CXX='-fPIC -DPIC'
lt_cv_prog_compiler_pic_works=yes
lt_cv_prog_compiler_pic_works_CXX=yes
lt_cv_prog_compiler_rtti_exceptions=no
lt_cv_prog_compiler_static_works=yes
lt_cv_prog_compiler_static_works_CXX=yes
lt_cv_prog_gnu_ld=yes
lt_cv_prog_gnu_ldcxx=yes
lt_cv_sharedlib_from_linklib_cmd='printf %s\n'
lt_cv_shlibpath_overrides_runpath=no
lt_cv_sys_global_symbol_pipe='sed -n -e '\''s/^.*[	 ]\([ABCDGIRSTW][ABCDGIRSTW]*\)[	 ][	 ]*\([_A-Za-z][_A-Za-z0-9]*\)$/\1 \2 \2/p'\'' | sed '\''/ __gnu_lto/d'\'''
lt_cv_sys_global_symbol_to_c_name_address='sed -n -e '\''s/^: \([^ ]*\)[ ]*$/  {\"\1\", (void *) 0},/p'\'' -e '\''s/^[ABCDGIRSTW]* \([^ ]*\) \([^ ]*\)$/  {"\2", (void *) \&\2},/p'\'''
lt_cv_sys_global_symbol_to_c_name_address_lib_prefix='sed -n -e '\''s/^: \([^ ]*\)[ ]*$/  {\"\1\", (void *) 0},/p'\'' -e '\''s/^[ABCDGIRSTW]* \([^ ]*\) \(lib[^ ]*\)$/  {"\2", (void *) \&\2},/p'\'' -e '\''s/^[ABCDGIRSTW]* \([^ ]*\) \([^ ]*\)$/  {"lib\2", (void *) \&\2},/p'\'''
lt_cv_sys_global_symbol_to_cdecl='sed -n -e '\''s/^T .* \(.*\)$/extern int \1();/p'\'' -e '\''s/^[ABCDGIRSTW]* .* \(.*\)$/extern char \1;/p'\'''
lt_cv_sys_max_cmd_len=1572864
lt_cv_to_host_file_cmd=func_convert_file_noop
lt_cv_to_tool_file_cmd=func_convert_file_noop

## ----------------- ##
## Output variables. ##
## ----------------- ##

ACLOCAL='${SHELL} /home/luis/Desktop/EmperorVsAliens-0.10.0/config/missing --run aclocal-1.11'
AMDEPBACKSLASH='\'
AMDEP_FALSE='#'
AMDEP_TRUE=''
AMTAR='$${TAR-tar}'
AR='ar'
AUTOCONF='${SHELL} /home/luis/Desktop/EmperorVsAliens-0.10.0/config/missing --run autoconf'
AUTOHEADER='${SHELL} /home/luis/Desktop/EmperorVsAliens-0.10.0/config/missing --run autoheader'
AUTOMAKE='${SHELL} /home/luis/Desktop/EmperorVsAliens-0.10.0/config/missing --run automake-1.11'
AWK='mawk'
CC='gcc'
CCDEPMODE='depmode=gcc3'
CFLAGS='-g -O2'
CPP='gcc -E'
CPPFLAGS=''
CXX='g++'
CXXCPP='g++ -E'
CXXDEPMODE='depmode=gcc3'
CXXFLAGS='-g -O2'
CYGPATH_W='echo'
DEFS='-DHAVE_CONFIG_H'
DEPDIR='.deps'
DLLTOOL='false'
DSYMUTIL=''
DUMPBIN=''
ECHO_C=''
ECHO_N='-n'
ECHO_T=''
EGREP='/bin/grep -E'
EXEEXT=''
FGREP='/bin/grep -F'
GREP='/bin/grep'
INSTALL_DATA='${INSTALL} -m 644'
INSTALL_PROGRAM='${INSTALL}'
INSTALL_SCRIPT='${INSTALL}'
INSTALL_STRIP_PROGRAM='$(install_sh) -c -s'
LD='/usr/bin/ld -m elf_x86_64'
LDFLAGS=''
LIBOBJS=''
LIBS=''
LIBTOOL='$(SHELL) $(top_builddir)/libtool'
LIPO=''
LN_S='ln -s'
LTLIBOBJS=''
LT_CURRENT='0'
LT_RELEASE='0.10.0'
LT_REVISION='10'
MAKEINFO='${SHELL} /home/luis/Desktop/EmperorVsAliens-0.10.0/config/missing --run makeinfo'
MANIFEST_TOOL=':'
MKDIR_P='/bin/mkdir -p'
NM='/usr/bin/nm -B'
NMEDIT=''
OBJDUMP='objdump'
OBJEXT='o'
OTOOL64=''
OTOOL=''
PACKAGE='EmperorVsAliens'
PACKAGE_BUGREPORT=''
PACKAGE_NAME=''
PACKAGE_STRING=''
PACKAGE_TARNAME=''
PACKAGE_URL=''
PACKAGE_VERSION=''
PATH_SEPARATOR=':'
RANLIB='ranlib'
SED='/bin/sed'
SET_MAKE=''
SHELL='/bin/bash'
STRIP='strip'
VERSION='0.10.0'
ac_config_aux_dir=''
ac_ct_AR='ar'
ac_ct_CC='gcc'
ac_ct_CXX='g++'
ac_ct_DUMPBIN=''
am__EXEEXT_FALSE=''
am__EXEEXT_TRUE='#'
am__fastdepCC_FALSE='#'
am__fastdepCC_TRUE=''
am__fastdepCXX_FALSE='#'
am__fastdepCXX_TRUE=''
am__include='include'
am__isrc=''
am__leading_dot='.'
am__nodep='_no'
am__quote=''
am__tar='$${TAR-tar} chof - "$$tardir"'
am__untar='$${TAR-tar} xf -'
bindir='${exec_prefix}/bin'
build='x86_64-unknown-linux-gnu'
build_alias=''
build_cpu='x86_64'
build_os='linux-gnu'
build_vendor='unknown'
datadir='${datarootdir}'
datarootdir='${prefix}/share'
docdir='${datarootdir}/doc/${PACKAGE}'
dvidir='${docdir}'
exec_prefix='${prefix}'
host='x86_64-unknown-linux-gnu'
host_alias=''
host_cpu='x86_64'
host_os='linux-gnu'
host_vendor='unknown'
htmldir='${docdir}'
includedir='${prefix}/include'
infodir='${datarootdir}/info'
install_sh='${SHELL} /home/luis/Desktop/EmperorVsAliens-0.10.0/config/install-sh'
libdir='${exec_prefix}/lib'
libexecdir='${exec_prefix}/libexec'
localedir='${datarootdir}/locale'
localstatedir='${prefix}/var'
mandir='${datarootdir}/man'
mkdir_p='/bin/mkdir -p'
oldincludedir='/usr/include'
pdfdir='${docdir}'
prefix='/usr/local'
program_transform_name='s,x,x,'
psdir='${docdir}'
sbindir='${exec_prefix}/sbin'
sharedstatedir='${prefix}/com'
sysconfdir='${prefix}/etc'
target='x86_64-unknown-linux-gnu'
target_alias=''
target_cpu='x86_64'
target_os='linux-gnu'
target_vendor='unknown'

## ----------- ##
## confdefs.h. ##
## ----------- ##

/* confdefs.h */
#define PACKAGE_NAME ""
#define PACKAGE_TARNAME ""
#define PACKAGE_VERSION ""
#define PACKAGE_STRING ""
#define PACKAGE_BUGREPORT ""
#define PACKAGE_URL ""
#define PACKAGE "EmperorVsAliens"
#define VERSION "0.10.0"
#define STDC_HEADERS 1
#define HAVE_SYS_TYPES_H 1
#define HAVE_SYS_STAT_H 1
#define HAVE_STDLIB_H 1
#define HAVE_STRING_H 1
#define HAVE_MEMORY_H 1
#define HAVE_STRINGS_H 1
#define HAVE_INTTYPES_H 1
#define HAVE_STDINT_H 1
#define HAVE_UNISTD_H 1
#define HAVE_DLFCN_H 1
#define LT_OBJDIR ".libs/"

configure: exit 0
